<?xml version="1.0" encoding="UTF-8"?>
<!-- Generated by org.testng.reporters.JUnitReportReporter -->
<testsuite hostname="DESKTOP-ICLD36V" failures="0" tests="4" name="test_suite.groups" time="3.771" errors="0" timestamp="2024-07-06T19:41:21 IST" skipped="0">
  <testcase classname="test_suite.groups" name="radio1" time="0.424"/>
  <system-out/>
  <testcase classname="test_suite.groups" name="radio_bt" time="0.938"/>
  <system-out/>
  <testcase classname="test_suite.groups" name="checkbox1" time="0.528"/>
  <system-out/>
  <testcase classname="test_suite.groups" name="Checkbox" time="1.881"/>
  <system-out/>
</testsuite> <!-- test_suite.groups -->
