<?xml version="1.0" encoding="UTF-8"?>
<!-- Generated by org.testng.reporters.JUnitReportReporter -->
<testsuite hostname="DESKTOP-ICLD36V" failures="0" tests="4" name="test_suite.annon_testng" time="3.751" errors="0" timestamp="2024-07-06T19:14:17 IST" skipped="0">
  <testcase classname="test_suite.annon_testng" name="checkbox1" time="0.728"/>
  <system-out/>
  <testcase classname="test_suite.annon_testng" name="radio_bt" time="0.869"/>
  <system-out/>
  <testcase classname="test_suite.annon_testng" name="Checkbox" time="1.757"/>
  <system-out/>
  <testcase classname="test_suite.annon_testng" name="radio1" time="0.397"/>
  <system-out/>
</testsuite> <!-- test_suite.annon_testng -->
